

Started GET "/" for 127.0.0.1 at 2016-03-17 12:18:43 -0400
Processing by Rails::WelcomeController#index as HTML
  Rendered c:/RailsInstaller/Ruby2.1.0/lib/ruby/gems/2.1.0/gems/railties-4.1.8/lib/rails/templates/rails/welcome/index.html.erb (12.0ms)
Completed 200 OK in 198ms (Views: 167.0ms | ActiveRecord: 0.0ms)


Started GET "/" for 127.0.0.1 at 2016-03-17 12:19:11 -0400
Processing by WelcomeController#index as HTML
  Rendered welcome/index.html.erb within layouts/application (1.0ms)
Completed 200 OK in 7559ms (Views: 7557.8ms | ActiveRecord: 0.0ms)


Started GET "/assets/welcome.css?body=1" for 127.0.0.1 at 2016-03-17 12:19:19 -0400


Started GET "/assets/application.css?body=1" for 127.0.0.1 at 2016-03-17 12:19:19 -0400


Started GET "/assets/jquery.js?body=1" for 127.0.0.1 at 2016-03-17 12:19:19 -0400


Started GET "/assets/jquery_ujs.js?body=1" for 127.0.0.1 at 2016-03-17 12:19:19 -0400


Started GET "/assets/turbolinks.js?body=1" for 127.0.0.1 at 2016-03-17 12:19:19 -0400


Started GET "/assets/welcome.js?body=1" for 127.0.0.1 at 2016-03-17 12:19:19 -0400


Started GET "/assets/application.js?body=1" for 127.0.0.1 at 2016-03-17 12:19:19 -0400
  [1m[36m (50.0ms)[0m  [1mCREATE TABLE "schema_migrations" ("version" varchar(255) NOT NULL) [0m
  [1m[35m (0.0ms)[0m  select sqlite_version(*)
  [1m[36m (36.0ms)[0m  [1mCREATE UNIQUE INDEX "unique_schema_migrations" ON "schema_migrations" ("version")[0m
  [1m[35mActiveRecord::SchemaMigration Load (0.0ms)[0m  SELECT "schema_migrations".* FROM "schema_migrations"
Migrating to CreateArticles (20160317162420)
  [1m[36m (0.0ms)[0m  [1mbegin transaction[0m
  [1m[35m (1.0ms)[0m  CREATE TABLE "articles" ("id" INTEGER PRIMARY KEY AUTOINCREMENT NOT NULL, "title" varchar(255), "text" text, "created_at" datetime, "updated_at" datetime) 
  [1m[36mSQL (0.0ms)[0m  [1mINSERT INTO "schema_migrations" ("version") VALUES (?)[0m  [["version", "20160317162420"]]
  [1m[35m (44.0ms)[0m  commit transaction
  [1m[36mActiveRecord::SchemaMigration Load (0.0ms)[0m  [1mSELECT "schema_migrations".* FROM "schema_migrations"[0m


Started GET "/" for 127.0.0.1 at 2016-03-17 12:33:08 -0400
  [1m[36mActiveRecord::SchemaMigration Load (0.0ms)[0m  [1mSELECT "schema_migrations".* FROM "schema_migrations"[0m
Processing by WelcomeController#index as HTML
  Rendered welcome/index.html.erb within layouts/application (20.0ms)
Completed 200 OK in 1572ms (Views: 1536.2ms | ActiveRecord: 0.0ms)


Started GET "/assets/application.css?body=1" for 127.0.0.1 at 2016-03-17 12:33:10 -0400


Started GET "/assets/jquery.js?body=1" for 127.0.0.1 at 2016-03-17 12:33:10 -0400


Started GET "/assets/welcome.css?body=1" for 127.0.0.1 at 2016-03-17 12:33:10 -0400


Started GET "/assets/articles.css?body=1" for 127.0.0.1 at 2016-03-17 12:33:10 -0400


Started GET "/assets/jquery_ujs.js?body=1" for 127.0.0.1 at 2016-03-17 12:33:10 -0400


Started GET "/assets/turbolinks.js?body=1" for 127.0.0.1 at 2016-03-17 12:33:10 -0400


Started GET "/assets/welcome.js?body=1" for 127.0.0.1 at 2016-03-17 12:33:10 -0400


Started GET "/assets/articles.js?body=1" for 127.0.0.1 at 2016-03-17 12:33:10 -0400


Started GET "/assets/application.js?body=1" for 127.0.0.1 at 2016-03-17 12:33:10 -0400


Started GET "/articles" for 127.0.0.1 at 2016-03-17 12:33:29 -0400
Processing by ArticlesController#index as HTML
  [1m[35mArticle Load (0.0ms)[0m  SELECT "articles".* FROM "articles"
  Rendered articles/index.html.erb within layouts/application (2.0ms)
Completed 200 OK in 63ms (Views: 58.0ms | ActiveRecord: 0.0ms)


Started GET "/assets/turbolinks.js?body=1" for 127.0.0.1 at 2016-03-17 12:33:30 -0400


Started GET "/assets/jquery_ujs.js?body=1" for 127.0.0.1 at 2016-03-17 12:33:30 -0400


Started GET "/assets/welcome.js?body=1" for 127.0.0.1 at 2016-03-17 12:33:30 -0400


Started GET "/assets/jquery.js?body=1" for 127.0.0.1 at 2016-03-17 12:33:30 -0400


Started GET "/assets/application.css?body=1" for 127.0.0.1 at 2016-03-17 12:33:30 -0400


Started GET "/assets/welcome.css?body=1" for 127.0.0.1 at 2016-03-17 12:33:30 -0400


Started GET "/assets/application.js?body=1" for 127.0.0.1 at 2016-03-17 12:33:30 -0400


Started GET "/article" for 127.0.0.1 at 2016-03-17 12:33:35 -0400

ActionController::RoutingError (No route matches [GET] "/article"):
  actionpack (4.1.8) lib/action_dispatch/middleware/debug_exceptions.rb:21:in `call'
  actionpack (4.1.8) lib/action_dispatch/middleware/show_exceptions.rb:30:in `call'
  railties (4.1.8) lib/rails/rack/logger.rb:38:in `call_app'
  railties (4.1.8) lib/rails/rack/logger.rb:20:in `block in call'
  activesupport (4.1.8) lib/active_support/tagged_logging.rb:68:in `block in tagged'
  activesupport (4.1.8) lib/active_support/tagged_logging.rb:26:in `tagged'
  activesupport (4.1.8) lib/active_support/tagged_logging.rb:68:in `tagged'
  railties (4.1.8) lib/rails/rack/logger.rb:20:in `call'
  actionpack (4.1.8) lib/action_dispatch/middleware/request_id.rb:21:in `call'
  rack (1.5.5) lib/rack/methodoverride.rb:21:in `call'
  rack (1.5.5) lib/rack/runtime.rb:17:in `call'
  activesupport (4.1.8) lib/active_support/cache/strategy/local_cache_middleware.rb:26:in `call'
  rack (1.5.5) lib/rack/lock.rb:17:in `call'
  actionpack (4.1.8) lib/action_dispatch/middleware/static.rb:84:in `call'
  rack (1.5.5) lib/rack/sendfile.rb:112:in `call'
  railties (4.1.8) lib/rails/engine.rb:514:in `call'
  railties (4.1.8) lib/rails/application.rb:144:in `call'
  rack (1.5.5) lib/rack/lock.rb:17:in `call'
  rack (1.5.5) lib/rack/content_length.rb:14:in `call'
  rack (1.5.5) lib/rack/handler/webrick.rb:60:in `service'
  c:/RailsInstaller/Ruby2.1.0/lib/ruby/2.1.0/webrick/httpserver.rb:138:in `service'
  c:/RailsInstaller/Ruby2.1.0/lib/ruby/2.1.0/webrick/httpserver.rb:94:in `run'
  c:/RailsInstaller/Ruby2.1.0/lib/ruby/2.1.0/webrick/server.rb:295:in `block in start_thread'


  Rendered c:/RailsInstaller/Ruby2.1.0/lib/ruby/gems/2.1.0/gems/actionpack-4.1.8/lib/action_dispatch/middleware/templates/rescues/_trace.html.erb (1.0ms)
  Rendered c:/RailsInstaller/Ruby2.1.0/lib/ruby/gems/2.1.0/gems/actionpack-4.1.8/lib/action_dispatch/middleware/templates/routes/_route.html.erb (1.0ms)
  Rendered c:/RailsInstaller/Ruby2.1.0/lib/ruby/gems/2.1.0/gems/actionpack-4.1.8/lib/action_dispatch/middleware/templates/routes/_table.html.erb (74.0ms)
  Rendered c:/RailsInstaller/Ruby2.1.0/lib/ruby/gems/2.1.0/gems/actionpack-4.1.8/lib/action_dispatch/middleware/templates/rescues/routing_error.html.erb within rescues/layout (172.0ms)
  [1m[36mActiveRecord::SchemaMigration Load (0.0ms)[0m  [1mSELECT "schema_migrations".* FROM "schema_migrations"[0m
Migrating to CreateComments (20160317163816)
  [1m[35m (0.0ms)[0m  begin transaction
  [1m[36m (30.0ms)[0m  [1mCREATE TABLE "comments" ("id" INTEGER PRIMARY KEY AUTOINCREMENT NOT NULL, "commenter" varchar(255), "body" text, "article_id" integer, "created_at" datetime, "updated_at" datetime) [0m
  [1m[35m (0.0ms)[0m  select sqlite_version(*)
  [1m[36m (1.0ms)[0m  [1mCREATE  INDEX "index_comments_on_article_id" ON "comments" ("article_id")[0m
  [1m[35mSQL (0.0ms)[0m  INSERT INTO "schema_migrations" ("version") VALUES (?)  [["version", "20160317163816"]]
  [1m[36m (69.0ms)[0m  [1mcommit transaction[0m
  [1m[35mActiveRecord::SchemaMigration Load (0.0ms)[0m  SELECT "schema_migrations".* FROM "schema_migrations"
  [1m[36m (26.0ms)[0m  [1m            SELECT sql
            FROM sqlite_master
            WHERE name='index_comments_on_article_id' AND type='index'
            UNION ALL
            SELECT sql
            FROM sqlite_temp_master
            WHERE name='index_comments_on_article_id' AND type='index'
[0m
